Jul 9, 2012 11:02:17 AM org.apache.catalina.core.ApplicationContext log
INFO: HTMLManager: init: Associated with Deployer 'Catalina:type=Deployer,host=localhost'
Jul 9, 2012 11:02:17 AM org.apache.catalina.core.ApplicationContext log
INFO: HTMLManager: init: Global resources are available
Jul 9, 2012 11:02:17 AM org.apache.catalina.core.ApplicationContext log
INFO: HTMLManager: list: Listing contexts for virtual host 'localhost'
Jul 9, 2012 11:05:56 AM org.apache.catalina.core.ApplicationContext log
INFO: HTMLManager: list: Listing contexts for virtual host 'localhost'
Jul 9, 2012 3:08:20 PM org.apache.catalina.core.ApplicationContext log
INFO: HTMLManager: init: Associated with Deployer 'Catalina:type=Deployer,host=localhost'
Jul 9, 2012 3:08:20 PM org.apache.catalina.core.ApplicationContext log
INFO: HTMLManager: init: Global resources are available
Jul 9, 2012 3:08:20 PM org.apache.catalina.core.ApplicationContext log
INFO: HTMLManager: list: Listing contexts for virtual host 'localhost'
Jul 9, 2012 3:10:26 PM org.apache.catalina.core.ApplicationContext log
INFO: HTMLManager: list: Listing contexts for virtual host 'localhost'
Jul 9, 2012 3:10:35 PM org.apache.catalina.core.ApplicationContext log
INFO: HTMLManager: undeploy: Undeploying web application at '/CCE'
Jul 9, 2012 3:10:38 PM org.apache.catalina.core.ApplicationContext log
INFO: HTMLManager: list: Listing contexts for virtual host 'localhost'
Jul 9, 2012 3:11:13 PM org.apache.catalina.core.ApplicationContext log
INFO: HTMLManager: list: Listing contexts for virtual host 'localhost'
Jul 9, 2012 3:22:36 PM org.apache.catalina.core.ApplicationContext log
INFO: HTMLManager: init: Associated with Deployer 'Catalina:type=Deployer,host=localhost'
Jul 9, 2012 3:22:36 PM org.apache.catalina.core.ApplicationContext log
INFO: HTMLManager: init: Global resources are available
Jul 9, 2012 3:22:36 PM org.apache.catalina.core.ApplicationContext log
INFO: HTMLManager: list: Listing contexts for virtual host 'localhost'
Jul 9, 2012 3:22:41 PM org.apache.catalina.core.ApplicationContext log
INFO: HTMLManager: undeploy: Undeploying web application at '/CCE'
Jul 9, 2012 3:22:43 PM org.apache.catalina.core.ApplicationContext log
INFO: HTMLManager: list: Listing contexts for virtual host 'localhost'
Jul 9, 2012 3:23:21 PM org.apache.catalina.core.ApplicationContext log
INFO: HTMLManager: list: Listing contexts for virtual host 'localhost'
Jul 9, 2012 3:23:42 PM org.apache.catalina.core.ApplicationContext log
INFO: HTMLManager: list: Listing contexts for virtual host 'localhost'
Jul 9, 2012 3:25:04 PM org.apache.catalina.core.ApplicationContext log
INFO: HTMLManager: undeploy: Undeploying web application at '/CCE'
Jul 9, 2012 3:25:05 PM org.apache.catalina.core.ApplicationContext log
INFO: HTMLManager: list: Listing contexts for virtual host 'localhost'
Jul 9, 2012 3:25:21 PM org.apache.catalina.core.ApplicationContext log
INFO: HTMLManager: list: Listing contexts for virtual host 'localhost'
Jul 9, 2012 3:34:44 PM org.apache.catalina.core.ApplicationContext log
INFO: HTMLManager: init: Associated with Deployer 'Catalina:type=Deployer,host=localhost'
Jul 9, 2012 3:34:44 PM org.apache.catalina.core.ApplicationContext log
INFO: HTMLManager: init: Global resources are available
Jul 9, 2012 3:34:44 PM org.apache.catalina.core.ApplicationContext log
INFO: HTMLManager: list: Listing contexts for virtual host 'localhost'
